<?xml version="1.0" encoding="UTF-8"?>
<!-- Generated by org.testng.reporters.JUnitReportReporter -->
<testsuite hostname="LAPTOP-K76LP1TT" failures="0" tests="6" name="com.languageLine.testCases.BrowsingMainCategoriesTests" time="77.634" errors="0" timestamp="2023-05-02T17:12:19 PDT" skipped="0">
  <testcase classname="com.languageLine.testCases.BrowsingMainCategoriesTests" name="clickMonitorsTab" time="11.532"/>
  <system-out/>
  <testcase classname="com.languageLine.testCases.BrowsingMainCategoriesTests" name="clickPhonesTab" time="16.073"/>
  <system-out/>
  <testcase classname="com.languageLine.testCases.BrowsingMainCategoriesTests" name="verifyLaptopsCatalogIsCorrect" time="12.900"/>
  <system-out/>
  <testcase classname="com.languageLine.testCases.BrowsingMainCategoriesTests" name="verifyPhoneCatalogIsCorrect" time="12.323"/>
  <system-out/>
  <testcase classname="com.languageLine.testCases.BrowsingMainCategoriesTests" name="clickLaptopsTab" time="13.203"/>
  <system-out/>
  <testcase classname="com.languageLine.testCases.BrowsingMainCategoriesTests" name="verifyMonitorsCatalogIsCorrect" time="11.603"/>
  <system-out/>
</testsuite> <!-- com.languageLine.testCases.BrowsingMainCategoriesTests -->
