<?xml version="1.0" encoding="UTF-8"?>
<!-- Generated by org.testng.reporters.JUnitReportReporter -->
<testsuite skipped="0" hostname="LAPTOP-K76LP1TT" name="com.languageLine.testCases.TC_LoginTest_001" tests="1" failures="0" timestamp="18 Mar 2022 02:43:33 GMT" time="14.344" errors="0">
  <testcase name="palindrome" time="14.344" classname="com.languageLine.testCases.TC_LoginTest_001"/>
</testsuite> <!-- com.languageLine.testCases.TC_LoginTest_001 -->
