<?xml version="1.0" encoding="UTF-8"?>
<!-- Generated by org.testng.reporters.JUnitReportReporter -->
<testsuite hostname="LAPTOP-K76LP1TT" failures="0" tests="26" name="com.languageLine.testCases.TC_VoiceOfTheCustomer_NegativeTests" time="12.816" errors="0" timestamp="2023-04-21T13:33:32 PDT" skipped="25">
  <testcase classname="com.languageLine.testCases.TC_VoiceOfTheCustomer_NegativeTests" name="demoblaze" time="12.816"/>
  <system-out/>
  <testcase classname="com.languageLine.testCases.TC_VoiceOfTheCustomer_NegativeTests" name="clickIntoAndOutOfDialedNumberField">
    <skipped/>
  </testcase> <!-- clickIntoAndOutOfDialedNumberField -->
  <system-out/>
  <testcase classname="com.languageLine.testCases.TC_VoiceOfTheCustomer_NegativeTests" name="clickIntoAndOutOfEventTimeField">
    <skipped/>
  </testcase> <!-- clickIntoAndOutOfEventTimeField -->
  <system-out/>
  <testcase classname="com.languageLine.testCases.TC_VoiceOfTheCustomer_NegativeTests" name="clickIntoAndOutOfCategoryDropDown">
    <skipped/>
  </testcase> <!-- clickIntoAndOutOfCategoryDropDown -->
  <system-out/>
  <testcase classname="com.languageLine.testCases.TC_VoiceOfTheCustomer_NegativeTests" name="fillInEverythingButEventDateIsInTheFuture">
    <skipped/>
  </testcase> <!-- fillInEverythingButEventDateIsInTheFuture -->
  <system-out/>
  <testcase classname="com.languageLine.testCases.TC_VoiceOfTheCustomer_NegativeTests" name="clickIntoAndOutOfEventDateField">
    <skipped/>
  </testcase> <!-- clickIntoAndOutOfEventDateField -->
  <system-out/>
  <testcase classname="com.languageLine.testCases.TC_VoiceOfTheCustomer_NegativeTests" name="fillInEverythingButDialedNumber">
    <skipped/>
  </testcase> <!-- fillInEverythingButDialedNumber -->
  <system-out/>
  <testcase classname="com.languageLine.testCases.TC_VoiceOfTheCustomer_NegativeTests" name="clickIntoAndOutOfEmailField">
    <skipped/>
  </testcase> <!-- clickIntoAndOutOfEmailField -->
  <system-out/>
  <testcase classname="com.languageLine.testCases.TC_VoiceOfTheCustomer_NegativeTests" name="fillInEverythingButClientId">
    <skipped/>
  </testcase> <!-- fillInEverythingButClientId -->
  <system-out/>
  <testcase classname="com.languageLine.testCases.TC_VoiceOfTheCustomer_NegativeTests" name="fillInEverythingWithInvalidEmail">
    <skipped/>
  </testcase> <!-- fillInEverythingWithInvalidEmail -->
  <system-out/>
  <testcase classname="com.languageLine.testCases.TC_VoiceOfTheCustomer_NegativeTests" name="clickIntoAndOutOfClientIdField">
    <skipped/>
  </testcase> <!-- clickIntoAndOutOfClientIdField -->
  <system-out/>
  <testcase classname="com.languageLine.testCases.TC_VoiceOfTheCustomer_NegativeTests" name="clickIntoAndOutOfFirstNameField">
    <skipped/>
  </testcase> <!-- clickIntoAndOutOfFirstNameField -->
  <system-out/>
  <testcase classname="com.languageLine.testCases.TC_VoiceOfTheCustomer_NegativeTests" name="fillInEverythingButDescription">
    <skipped/>
  </testcase> <!-- fillInEverythingButDescription -->
  <system-out/>
  <testcase classname="com.languageLine.testCases.TC_VoiceOfTheCustomer_NegativeTests" name="fillInEverythingButEmail">
    <skipped/>
  </testcase> <!-- fillInEverythingButEmail -->
  <system-out/>
  <testcase classname="com.languageLine.testCases.TC_VoiceOfTheCustomer_NegativeTests" name="clickIntoAndOutOfDescriptionField">
    <skipped/>
  </testcase> <!-- clickIntoAndOutOfDescriptionField -->
  <system-out/>
  <testcase classname="com.languageLine.testCases.TC_VoiceOfTheCustomer_NegativeTests" name="clickIntoAndOutOfLanguageField">
    <skipped/>
  </testcase> <!-- clickIntoAndOutOfLanguageField -->
  <system-out/>
  <testcase classname="com.languageLine.testCases.TC_VoiceOfTheCustomer_NegativeTests" name="fillInEverythingButEventDate">
    <skipped/>
  </testcase> <!-- fillInEverythingButEventDate -->
  <system-out/>
  <testcase classname="com.languageLine.testCases.TC_VoiceOfTheCustomer_NegativeTests" name="clickIntoAndOutOfProductDropDown">
    <skipped/>
  </testcase> <!-- clickIntoAndOutOfProductDropDown -->
  <system-out/>
  <testcase classname="com.languageLine.testCases.TC_VoiceOfTheCustomer_NegativeTests" name="fillInEverythingButFirstName">
    <skipped/>
  </testcase> <!-- fillInEverythingButFirstName -->
  <system-out/>
  <testcase classname="com.languageLine.testCases.TC_VoiceOfTheCustomer_NegativeTests" name="fillInEverythingButProduct_Category_SubCategory">
    <skipped/>
  </testcase> <!-- fillInEverythingButProduct_Category_SubCategory -->
  <system-out/>
  <testcase classname="com.languageLine.testCases.TC_VoiceOfTheCustomer_NegativeTests" name="fillInEverythingButLastName">
    <skipped/>
  </testcase> <!-- fillInEverythingButLastName -->
  <system-out/>
  <testcase classname="com.languageLine.testCases.TC_VoiceOfTheCustomer_NegativeTests" name="fillInEverythingButLanguage">
    <skipped/>
  </testcase> <!-- fillInEverythingButLanguage -->
  <system-out/>
  <testcase classname="com.languageLine.testCases.TC_VoiceOfTheCustomer_NegativeTests" name="clickIntoAndOutOfLastNameField">
    <skipped/>
  </testcase> <!-- clickIntoAndOutOfLastNameField -->
  <system-out/>
  <testcase classname="com.languageLine.testCases.TC_VoiceOfTheCustomer_NegativeTests" name="fillInEverythingButEventTimeIsAnHourAhead">
    <skipped/>
  </testcase> <!-- fillInEverythingButEventTimeIsAnHourAhead -->
  <system-out/>
  <testcase classname="com.languageLine.testCases.TC_VoiceOfTheCustomer_NegativeTests" name="fillInEverythingButEventTime">
    <skipped/>
  </testcase> <!-- fillInEverythingButEventTime -->
  <system-out/>
  <testcase classname="com.languageLine.testCases.TC_VoiceOfTheCustomer_NegativeTests" name="clickIntoAndOutOfSubCategoryDropDown">
    <skipped/>
  </testcase> <!-- clickIntoAndOutOfSubCategoryDropDown -->
  <system-out/>
</testsuite> <!-- com.languageLine.testCases.TC_VoiceOfTheCustomer_NegativeTests -->
